# JRE version: Java(TM) SE Runtime Environment (7.0_55-b14) (build 1.7.0_55-b14)
# Java VM: Java HotSpot(TM) Client VM (24.55-b03 mixed mode, sharing windows-x86 )
Heap
 def new generation   total 4928K, used 1748K [0x24250000, 0x247a0000, 0x297a0000)
  eden space 4416K,  27% used [0x24250000, 0x24385090, 0x246a0000)
  from space 512K, 100% used [0x246a0000, 0x24720000, 0x24720000)
  to   space 512K,   0% used [0x24720000, 0x24720000, 0x247a0000)
 tenured generation   total 10944K, used 1572K [0x297a0000, 0x2a250000, 0x34250000)
   the space 10944K,  14% used [0x297a0000, 0x299293a8, 0x29929400, 0x2a250000)
 compacting perm gen  total 12288K, used 2145K [0x34250000, 0x34e50000, 0x38250000)
   the space 12288K,  17% used [0x34250000, 0x344685f8, 0x34468600, 0x34e50000)
    ro space 10240K,  41% used [0x38250000, 0x386824a8, 0x38682600, 0x38c50000)
    rw space 12288K,  52% used [0x38c50000, 0x39296da8, 0x39296e00, 0x39850000)
GC Heap History (4 events):
Event: 0.139 GC heap before
{Heap before GC invocations=0 (full 0):
 def new generation   total 4928K, used 4416K [0x24250000, 0x247a0000, 0x297a0000)
  eden space 4416K, 100% used [0x24250000, 0x246a0000, 0x246a0000)
  from space 512K,   0% used [0x246a0000, 0x246a0000, 0x24720000)
  to   space 512K,   0% used [0x24720000, 0x24720000, 0x247a0000)
 tenured generation   total 10944K, used 0K [0x297a0000, 0x2a250000, 0x34250000)
   the space 10944K,   0% used [0x297a0000, 0x297a0000, 0x297a0200, 0x2a250000)
 compacting perm gen  total 12288K, used 958K [0x34250000, 0x34e50000, 0x38250000)
   the space 12288K,   7% used [0x34250000, 0x3433f8a8, 0x3433fa00, 0x34e50000)
    ro space 10240K,  41% used [0x38250000, 0x386824a8, 0x38682600, 0x38c50000)
    rw space 12288K,  52% used [0x38c50000, 0x39296da8, 0x39296e00, 0x39850000)
Event: 0.141 GC heap after
Heap after GC invocations=1 (full 0):
 def new generation   total 4928K, used 512K [0x24250000, 0x247a0000, 0x297a0000)
  eden space 4416K,   0% used [0x24250000, 0x24250000, 0x246a0000)
  from space 512K, 100% used [0x24720000, 0x247a0000, 0x247a0000)
  to   space 512K,   0% used [0x246a0000, 0x246a0000, 0x24720000)
 tenured generation   total 10944K, used 459K [0x297a0000, 0x2a250000, 0x34250000)
   the space 10944K,   4% used [0x297a0000, 0x29812d18, 0x29812e00, 0x2a250000)
 compacting perm gen  total 12288K, used 958K [0x34250000, 0x34e50000, 0x38250000)
   the space 12288K,   7% used [0x34250000, 0x3433f8a8, 0x3433fa00, 0x34e50000)
    ro space 10240K,  41% used [0x38250000, 0x386824a8, 0x38682600, 0x38c50000)
    rw space 12288K,  52% used [0x38c50000, 0x39296da8, 0x39296e00, 0x39850000)
}
Event: 0.488 GC heap before
{Heap before GC invocations=1 (full 0):
 def new generation   total 4928K, used 4928K [0x24250000, 0x247a0000, 0x297a0000)
  eden space 4416K, 100% used [0x24250000, 0x246a0000, 0x246a0000)
  from space 512K, 100% used [0x24720000, 0x247a0000, 0x247a0000)
  to   space 512K,   0% used [0x246a0000, 0x246a0000, 0x24720000)
 tenured generation   total 10944K, used 459K [0x297a0000, 0x2a250000, 0x34250000)
   the space 10944K,   4% used [0x297a0000, 0x29812d18, 0x29812e00, 0x2a250000)
 compacting perm gen  total 12288K, used 1942K [0x34250000, 0x34e50000, 0x38250000)
   the space 12288K,  15% used [0x34250000, 0x34435b58, 0x34435c00, 0x34e50000)
    ro space 10240K,  41% used [0x38250000, 0x386824a8, 0x38682600, 0x38c50000)
    rw space 12288K,  52% used [0x38c50000, 0x39296da8, 0x39296e00, 0x39850000)
Event: 0.490 GC heap after
Heap after GC invocations=2 (full 0):
 def new generation   total 4928K, used 512K [0x24250000, 0x247a0000, 0x297a0000)
  eden space 4416K,   0% used [0x24250000, 0x24250000, 0x246a0000)
  from space 512K, 100% used [0x246a0000, 0x24720000, 0x24720000)
  to   space 512K,   0% used [0x24720000, 0x24720000, 0x247a0000)
 tenured generation   total 10944K, used 1572K [0x297a0000, 0x2a250000, 0x34250000)
   the space 10944K,  14% used [0x297a0000, 0x299293a8, 0x29929400, 0x2a250000)
 compacting perm gen  total 12288K, used 1942K [0x34250000, 0x34e50000, 0x38250000)
   the space 12288K,  15% used [0x34250000, 0x34435b58, 0x34435c00, 0x34e50000)
    ro space 10240K,  41% used [0x38250000, 0x386824a8, 0x38682600, 0x38c50000)
    rw space 12288K,  52% used [0x38c50000, 0x39296da8, 0x39296e00, 0x39850000)
}

